
Showing logs for build [32mcb-kubecd-environment-pr-234-21-d8khv-1[0m stage [32mfrom-build-pack[0m and container [32mstep-credential-initializer-xpcpt[0m
{"level":"info","ts":1590504251.5427637,"logger":"fallback-logger","caller":"logging/config.go:69","msg":"Fetch GitHub commit ID from kodata failed: open /var/run/ko/refs/heads/0.8.0-ns-support: no such file or directory"}
{"level":"info","ts":1590504251.5436141,"logger":"fallback-logger","caller":"creds-init/main.go:40","msg":"Credentials initialized."}

Showing logs for build [32mcb-kubecd-environment-pr-234-21-d8khv-1[0m stage [32mfrom-build-pack[0m and container [32mstep-working-dir-initializer-v6t96[0m
{"level":"info","ts":1590504252.9304984,"logger":"fallback-logger","caller":"logging/config.go:69","msg":"Fetch GitHub commit ID from kodata failed: open /var/run/ko/HEAD: no such file or directory"}
{"level":"info","ts":1590504252.9328961,"logger":"fallback-logger","caller":"bash/main.go:64","msg":"Successfully executed command \"sh -c mkdir -p /workspace/source\"; output "}

Showing logs for build [32mcb-kubecd-environment-pr-234-21-d8khv-1[0m stage [32mfrom-build-pack[0m and container [32mstep-place-tools[0m

Showing logs for build [32mcb-kubecd-environment-pr-234-21-d8khv-1[0m stage [32mfrom-build-pack[0m and container [32mstep-git-source-cb-kubecd-environment-pr-234-21-d8khv-4zrhf[0m
{"level":"info","ts":1590504257.0520422,"logger":"fallback-logger","caller":"logging/config.go:69","msg":"Fetch GitHub commit ID from kodata failed: open /var/run/ko/refs/heads/0.8.0-ns-support: no such file or directory"}
{"level":"info","ts":1590504258.084787,"logger":"fallback-logger","caller":"git/git.go:103","msg":"Successfully cloned https://github.com/cb-kubecd/environment-pr-234-21-boot-gke-staging.git @ master in path /workspace/source"}

Showing logs for build [32mcb-kubecd-environment-pr-234-21-d8khv-1[0m stage [32mfrom-build-pack[0m and container [32mstep-git-merge[0m
Using SHAs from PULL_REFS=master:a174bc2eebeb2cd5dc9269394490f4f7672bbd36,2:daec3857bacf0caed42b377e8ee32a24d816515d
DEBUG: LC_ALL=C JX_LOG_LEVEL=error git fetch origin --unshallow daec3857bacf0caed42b377e8ee32a24d816515d: a174bc2eebeb2cd5dc9269394490f4f7672bbd36:
DEBUG: ran git fetch --unshallow origin daec3857bacf0caed42b377e8ee32a24d816515d: a174bc2eebeb2cd5dc9269394490f4f7672bbd36: in 
DEBUG: LC_ALL=C JX_LOG_LEVEL=error git branch
DEBUG: LC_ALL=C JX_LOG_LEVEL=error git checkout master
DEBUG: ran git checkout master in 
DEBUG: LC_ALL=C JX_LOG_LEVEL=error git reset --hard a174bc2eebeb2cd5dc9269394490f4f7672bbd36
DEBUG: ran git reset --hard a174bc2eebeb2cd5dc9269394490f4f7672bbd36 in 
DEBUG: LC_ALL=C JX_LOG_LEVEL=error git clean -fd .
DEBUG: ran clean --force -d . in 
DEBUG: LC_ALL=C JX_LOG_LEVEL=error git merge daec3857bacf0caed42b377e8ee32a24d816515d
DEBUG: ran git merge daec3857bacf0caed42b377e8ee32a24d816515d in 
DEBUG: LC_ALL=C JX_LOG_LEVEL=error git log --format=%H%x1f%an%x1f%ae%x1f%cn%x1f%ce%x1f%s%n%b%x1e a174bc2eebeb2cd5dc9269394490f4f7672bbd36..HEAD
Merged SHA daec3857bacf0caed42b377e8ee32a24d816515d with commit message 'chore: Promote bdd-nh-1590504057 to version 0.0.1' into base branch master

Showing logs for build [32mcb-kubecd-environment-pr-234-21-d8khv-1[0m stage [32mfrom-build-pack[0m and container [32mstep-build-helm-build[0m
WARNING: No $CHART_REPOSITORY defined so using the default value of: http://jenkins-x-chartmuseum:8080
Adding missing Helm repo: storage.googleapis.com https://storage.googleapis.com/chartmuseum.jenkins-x.io
WARNING: No secrets found on "helm/repos" due: reading the secret "helm/repos" from vault: no secret "helm/repos" not found in vault
Read credentials for https://storage.googleapis.com/chartmuseum.jenkins-x.io from vault helm/repos
Successfully added Helm repository storage.googleapis.com.
Adding missing Helm repo: jenkins-x-chartmuseum http://jenkins-x-chartmuseum:8080
WARNING: No secrets found on "helm/repos" due: reading the secret "helm/repos" from vault: no secret "helm/repos" not found in vault
Read credentials for http://jenkins-x-chartmuseum:8080 from vault helm/repos
Successfully added Helm repository jenkins-x-chartmuseum.
WARNING: No $CHART_REPOSITORY defined so using the default value of: http://jenkins-x-chartmuseum:8080
Adding missing Helm repo: chartmuseum.jenkins-x.io http://chartmuseum.jenkins-x.io
WARNING: No secrets found on "helm/repos" due: reading the secret "helm/repos" from vault: no secret "helm/repos" not found in vault
Read credentials for http://chartmuseum.jenkins-x.io from vault helm/repos
Successfully added Helm repository chartmuseum.jenkins-x.io.
