
Showing logs for build [32mcb-kubecd-environment-pr-234-21-v5mzq-1[0m stage [32mfrom-build-pack[0m and container [32mstep-credential-initializer-dcjs4[0m
{"level":"info","ts":1590507665.660645,"logger":"fallback-logger","caller":"logging/config.go:69","msg":"Fetch GitHub commit ID from kodata failed: open /var/run/ko/refs/heads/0.8.0-ns-support: no such file or directory"}
{"level":"info","ts":1590507665.661489,"logger":"fallback-logger","caller":"creds-init/main.go:40","msg":"Credentials initialized."}

Showing logs for build [32mcb-kubecd-environment-pr-234-21-v5mzq-1[0m stage [32mfrom-build-pack[0m and container [32mstep-working-dir-initializer-f6nhx[0m
{"level":"info","ts":1590507666.7156885,"logger":"fallback-logger","caller":"logging/config.go:69","msg":"Fetch GitHub commit ID from kodata failed: open /var/run/ko/HEAD: no such file or directory"}
{"level":"info","ts":1590507666.7172494,"logger":"fallback-logger","caller":"bash/main.go:64","msg":"Successfully executed command \"sh -c mkdir -p /workspace/source\"; output "}

Showing logs for build [32mcb-kubecd-environment-pr-234-21-v5mzq-1[0m stage [32mfrom-build-pack[0m and container [32mstep-place-tools[0m

Showing logs for build [32mcb-kubecd-environment-pr-234-21-v5mzq-1[0m stage [32mfrom-build-pack[0m and container [32mstep-git-source-cb-kubecd-environment-pr-234-21-v5mzq-jcfhk[0m
{"level":"info","ts":1590507671.934254,"logger":"fallback-logger","caller":"logging/config.go:69","msg":"Fetch GitHub commit ID from kodata failed: open /var/run/ko/refs/heads/0.8.0-ns-support: no such file or directory"}
{"level":"info","ts":1590507673.0063798,"logger":"fallback-logger","caller":"git/git.go:103","msg":"Successfully cloned https://github.com/cb-kubecd/environment-pr-234-21-boot-gke-staging.git @ master in path /workspace/source"}

Showing logs for build [32mcb-kubecd-environment-pr-234-21-v5mzq-1[0m stage [32mfrom-build-pack[0m and container [32mstep-git-merge[0m
Using SHAs from PULL_REFS=master:6db5f44bfb8f776108b363918e3ece8cb5f60928,7:65d6384fa87c4c0c976662fc045e161e12df5c0b
DEBUG: JX_LOG_LEVEL=error LC_ALL=C git fetch origin --unshallow 65d6384fa87c4c0c976662fc045e161e12df5c0b: 6db5f44bfb8f776108b363918e3ece8cb5f60928:
DEBUG: ran git fetch --unshallow origin 65d6384fa87c4c0c976662fc045e161e12df5c0b: 6db5f44bfb8f776108b363918e3ece8cb5f60928: in 
DEBUG: LC_ALL=C JX_LOG_LEVEL=error git branch
DEBUG: LC_ALL=C JX_LOG_LEVEL=error git checkout master
DEBUG: ran git checkout master in 
DEBUG: LC_ALL=C JX_LOG_LEVEL=error git reset --hard 6db5f44bfb8f776108b363918e3ece8cb5f60928
DEBUG: ran git reset --hard 6db5f44bfb8f776108b363918e3ece8cb5f60928 in 
DEBUG: JX_LOG_LEVEL=error LC_ALL=C git clean -fd .
DEBUG: ran clean --force -d . in 
DEBUG: LC_ALL=C JX_LOG_LEVEL=error git merge 65d6384fa87c4c0c976662fc045e161e12df5c0b
DEBUG: ran git merge 65d6384fa87c4c0c976662fc045e161e12df5c0b in 
DEBUG: LC_ALL=C JX_LOG_LEVEL=error git log --format=%H%x1f%an%x1f%ae%x1f%cn%x1f%ce%x1f%s%n%b%x1e 6db5f44bfb8f776108b363918e3ece8cb5f60928..HEAD
Merged SHA 65d6384fa87c4c0c976662fc045e161e12df5c0b with commit message 'chore: Promote bdd-nh-import-1590506353 to version 0.0.1' into base branch master

Showing logs for build [32mcb-kubecd-environment-pr-234-21-v5mzq-1[0m stage [32mfrom-build-pack[0m and container [32mstep-build-helm-build[0m
WARNING: No $CHART_REPOSITORY defined so using the default value of: http://jenkins-x-chartmuseum:8080
Adding missing Helm repo: storage.googleapis.com https://storage.googleapis.com/chartmuseum.jenkins-x.io
WARNING: No secrets found on "helm/repos" due: reading the secret "helm/repos" from vault: no secret "helm/repos" not found in vault
Read credentials for https://storage.googleapis.com/chartmuseum.jenkins-x.io from vault helm/repos
Successfully added Helm repository storage.googleapis.com.
Adding missing Helm repo: jenkins-x-chartmuseum http://jenkins-x-chartmuseum:8080
WARNING: No secrets found on "helm/repos" due: reading the secret "helm/repos" from vault: no secret "helm/repos" not found in vault
Read credentials for http://jenkins-x-chartmuseum:8080 from vault helm/repos
Successfully added Helm repository jenkins-x-chartmuseum.
WARNING: No $CHART_REPOSITORY defined so using the default value of: http://jenkins-x-chartmuseum:8080
Adding missing Helm repo: chartmuseum.jenkins-x.io http://chartmuseum.jenkins-x.io
WARNING: No secrets found on "helm/repos" due: reading the secret "helm/repos" from vault: no secret "helm/repos" not found in vault
Read credentials for http://chartmuseum.jenkins-x.io from vault helm/repos
Successfully added Helm repository chartmuseum.jenkins-x.io.
